<?xml version="1.0" encoding="UTF-8"?>
<!-- Generated by org.testng.reporters.JUnitXMLReporter -->
<testsuite hostname="LAPTOP-PS1POP1E" ignored="0" name="Default test" tests="4" failures="0" timestamp="2022-01-25T19:12:49 IST" time="0.121" errors="0">
  <testcase name="tc1" time="0.012" classname="JenkinMaven.mavenIntegration.JenkinsTest"/>
  <testcase name="tc2" time="0.001" classname="JenkinMaven.mavenIntegration.JenkinsTest"/>
  <testcase name="tc3" time="0.002" classname="JenkinMaven.mavenIntegration.JenkinsTest"/>
  <testcase name="testCase" time="0.002" classname="JenkinMaven.mavenIntegration.JenkinsTest2"/>
</testsuite> <!-- Default test -->
