<?xml version="1.0" encoding="UTF-8"?>
<!-- Generated by org.testng.reporters.JUnitXMLReporter -->
<testsuite hostname="LAPTOP-PS1POP1E" ignored="0" name="Test" tests="4" failures="0" timestamp="2022-01-25T20:24:06 IST" time="0.07" errors="0">
  <testcase name="tc1" time="0.008" classname="JenkinMaven.mavenIntegration.JenkinsTest"/>
  <testcase name="tc2" time="0.0" classname="JenkinMaven.mavenIntegration.JenkinsTest"/>
  <testcase name="tc3" time="0.0" classname="JenkinMaven.mavenIntegration.JenkinsTest"/>
  <testcase name="testCase" time="0.0" classname="JenkinMaven.mavenIntegration.JenkinsTest2"/>
</testsuite> <!-- Test -->
