<?xml version="1.0" encoding="UTF-8"?>
<testng-results skipped="0" failed="0" ignored="0" total="4" passed="4">
  <reporter-output>
  </reporter-output>
  <suite name="Suite" duration-ms="70" started-at="2022-01-25T20:24:06 IST" finished-at="2022-01-25T20:24:06 IST">
    <groups>
    </groups>
    <test name="Test" duration-ms="70" started-at="2022-01-25T20:24:06 IST" finished-at="2022-01-25T20:24:06 IST">
      <class name="JenkinMaven.mavenIntegration.JenkinsTest">
        <test-method status="PASS" signature="tc1()[pri:0, instance:JenkinMaven.mavenIntegration.JenkinsTest@1877ab81]" name="tc1" duration-ms="8" started-at="2022-01-25T20:24:06 IST" finished-at="2022-01-25T20:24:06 IST">
          <reporter-output>
          </reporter-output>
        </test-method> <!-- tc1 -->
        <test-method status="PASS" signature="tc2()[pri:0, instance:JenkinMaven.mavenIntegration.JenkinsTest@1877ab81]" name="tc2" duration-ms="0" started-at="2022-01-25T20:24:06 IST" finished-at="2022-01-25T20:24:06 IST">
          <reporter-output>
          </reporter-output>
        </test-method> <!-- tc2 -->
        <test-method status="PASS" signature="tc3()[pri:0, instance:JenkinMaven.mavenIntegration.JenkinsTest@1877ab81]" name="tc3" duration-ms="0" started-at="2022-01-25T20:24:06 IST" finished-at="2022-01-25T20:24:06 IST">
          <reporter-output>
          </reporter-output>
        </test-method> <!-- tc3 -->
      </class> <!-- JenkinMaven.mavenIntegration.JenkinsTest -->
      <class name="JenkinMaven.mavenIntegration.JenkinsTest2">
        <test-method status="PASS" signature="testCase()[pri:0, instance:JenkinMaven.mavenIntegration.JenkinsTest2@34c4973]" name="testCase" duration-ms="0" started-at="2022-01-25T20:24:06 IST" finished-at="2022-01-25T20:24:06 IST">
          <reporter-output>
          </reporter-output>
        </test-method> <!-- testCase -->
      </class> <!-- JenkinMaven.mavenIntegration.JenkinsTest2 -->
    </test> <!-- Test -->
  </suite> <!-- Suite -->
</testng-results>
