<?xml version="1.0" encoding="UTF-8"?>
<testng-results skipped="0" failed="0" ignored="0" total="2" passed="2">
  <reporter-output>
  </reporter-output>
  <suite name="Suite" duration-ms="109" started-at="2022-01-19T15:12:06 IST" finished-at="2022-01-19T15:12:06 IST">
    <groups>
    </groups>
    <test name="Test" duration-ms="109" started-at="2022-01-19T15:12:06 IST" finished-at="2022-01-19T15:12:06 IST">
      <class name="JenkinMaven.mavenIntegration.JenkinsTest">
        <test-method status="PASS" signature="tc1()[pri:0, instance:JenkinMaven.mavenIntegration.JenkinsTest@6737fd8f]" name="tc1" duration-ms="16" started-at="2022-01-19T15:12:06 IST" finished-at="2022-01-19T15:12:06 IST">
          <reporter-output>
          </reporter-output>
        </test-method> <!-- tc1 -->
        <test-method status="PASS" signature="tc2()[pri:0, instance:JenkinMaven.mavenIntegration.JenkinsTest@6737fd8f]" name="tc2" duration-ms="3" started-at="2022-01-19T15:12:06 IST" finished-at="2022-01-19T15:12:06 IST">
          <reporter-output>
          </reporter-output>
        </test-method> <!-- tc2 -->
      </class> <!-- JenkinMaven.mavenIntegration.JenkinsTest -->
    </test> <!-- Test -->
  </suite> <!-- Suite -->
</testng-results>
