<?xml version="1.0" encoding="UTF-8"?>
<testng-results skipped="0" failed="0" ignored="0" total="4" passed="4">
  <reporter-output>
  </reporter-output>
  <suite name="Default suite" duration-ms="88" started-at="2022-01-19T22:47:43 IST" finished-at="2022-01-19T22:47:43 IST">
    <groups>
    </groups>
    <test name="Default test" duration-ms="88" started-at="2022-01-19T22:47:43 IST" finished-at="2022-01-19T22:47:43 IST">
      <class name="JenkinMaven.mavenIntegration.JenkinsTest">
        <test-method status="PASS" signature="tc1()[pri:0, instance:JenkinMaven.mavenIntegration.JenkinsTest@68bbe345]" name="tc1" duration-ms="22" started-at="2022-01-19T22:47:43 IST" finished-at="2022-01-19T22:47:43 IST">
          <reporter-output>
          </reporter-output>
        </test-method> <!-- tc1 -->
        <test-method status="PASS" signature="tc3()[pri:0, instance:JenkinMaven.mavenIntegration.JenkinsTest@68bbe345]" name="tc3" duration-ms="0" started-at="2022-01-19T22:47:43 IST" finished-at="2022-01-19T22:47:43 IST">
          <reporter-output>
          </reporter-output>
        </test-method> <!-- tc3 -->
        <test-method status="PASS" signature="tc2()[pri:0, instance:JenkinMaven.mavenIntegration.JenkinsTest@68bbe345]" name="tc2" duration-ms="0" started-at="2022-01-19T22:47:43 IST" finished-at="2022-01-19T22:47:43 IST">
          <reporter-output>
          </reporter-output>
        </test-method> <!-- tc2 -->
      </class> <!-- JenkinMaven.mavenIntegration.JenkinsTest -->
      <class name="JenkinMaven.mavenIntegration.JenkinsTest2">
        <test-method status="PASS" signature="testCase()[pri:0, instance:JenkinMaven.mavenIntegration.JenkinsTest2@1e6d1014]" name="testCase" duration-ms="16" started-at="2022-01-19T22:47:43 IST" finished-at="2022-01-19T22:47:43 IST">
          <reporter-output>
          </reporter-output>
        </test-method> <!-- testCase -->
      </class> <!-- JenkinMaven.mavenIntegration.JenkinsTest2 -->
    </test> <!-- Default test -->
  </suite> <!-- Default suite -->
</testng-results>
